This file contains any messages produced by compilers while
running configure, to aid debugging if configure makes a mistake.

It was created by Somoclu configure 1.6.1, which was
generated by GNU Autoconf 2.69.  Invocation command line was

  $ ./configure 

## --------- ##
## Platform. ##
## --------- ##

hostname = 1457c2a91ec4
uname -m = x86_64
uname -r = 4.4.12-boot2docker
uname -s = Linux
uname -v = #1 SMP Wed Jun 1 22:45:59 UTC 2016

/usr/bin/uname -p = unknown
/bin/uname -X     = unknown

/bin/arch              = unknown
/usr/bin/arch -k       = unknown
/usr/convex/getsysinfo = unknown
/usr/bin/hostinfo      = unknown
/bin/machine           = unknown
/usr/bin/oslevel       = unknown
/bin/universe          = unknown

PATH: /usr/local/nvidia/bin
PATH: /usr/local/cuda/bin
PATH: /usr/local/sbin
PATH: /usr/local/bin
PATH: /usr/sbin
PATH: /usr/bin
PATH: /sbin
PATH: /bin


## ----------- ##
## Core tests. ##
## ----------- ##

configure:2015: checking for g++
configure:2031: found /usr/bin/g++
configure:2042: result: g++
configure:2069: checking for C++ compiler version
configure:2078: g++ --version >&5
g++ (Ubuntu 4.8.4-2ubuntu1~14.04.3) 4.8.4
Copyright (C) 2013 Free Software Foundation, Inc.
This is free software; see the source for copying conditions.  There is NO
warranty; not even for MERCHANTABILITY or FITNESS FOR A PARTICULAR PURPOSE.

configure:2089: $? = 0
configure:2078: g++ -v >&5
Using built-in specs.
COLLECT_GCC=g++
COLLECT_LTO_WRAPPER=/usr/lib/gcc/x86_64-linux-gnu/4.8/lto-wrapper
Target: x86_64-linux-gnu
Configured with: ../src/configure -v --with-pkgversion='Ubuntu 4.8.4-2ubuntu1~14.04.3' --with-bugurl=file:///usr/share/doc/gcc-4.8/README.Bugs --enable-languages=c,c++,java,go,d,fortran,objc,obj-c++ --prefix=/usr --program-suffix=-4.8 --enable-shared --enable-linker-build-id --libexecdir=/usr/lib --without-included-gettext --enable-threads=posix --with-gxx-include-dir=/usr/include/c++/4.8 --libdir=/usr/lib --enable-nls --with-sysroot=/ --enable-clocale=gnu --enable-libstdcxx-debug --enable-libstdcxx-time=yes --enable-gnu-unique-object --disable-libmudflap --enable-plugin --with-system-zlib --disable-browser-plugin --enable-java-awt=gtk --enable-gtk-cairo --with-java-home=/usr/lib/jvm/java-1.5.0-gcj-4.8-amd64/jre --enable-java-home --with-jvm-root-dir=/usr/lib/jvm/java-1.5.0-gcj-4.8-amd64 --with-jvm-jar-dir=/usr/lib/jvm-exports/java-1.5.0-gcj-4.8-amd64 --with-arch-directory=amd64 --with-ecj-jar=/usr/share/java/eclipse-ecj.jar --enable-objc-gc --enable-multiarch --disable-werror --with-arch-32=i686 --with-abi=m64 --with-multilib-list=m32,m64,mx32 --with-tune=generic --enable-checking=release --build=x86_64-linux-gnu --host=x86_64-linux-gnu --target=x86_64-linux-gnu
Thread model: posix
gcc version 4.8.4 (Ubuntu 4.8.4-2ubuntu1~14.04.3) 
configure:2089: $? = 0
configure:2078: g++ -V >&5
g++: error: unrecognized command line option '-V'
g++: fatal error: no input files
compilation terminated.
configure:2089: $? = 4
configure:2078: g++ -qversion >&5
g++: error: unrecognized command line option '-qversion'
g++: fatal error: no input files
compilation terminated.
configure:2089: $? = 4
configure:2109: checking whether the C++ compiler works
configure:2131: g++ -fPIC   conftest.cpp  >&5
configure:2135: $? = 0
configure:2183: result: yes
configure:2186: checking for C++ compiler default output file name
configure:2188: result: a.out
configure:2194: checking for suffix of executables
configure:2201: g++ -o conftest -fPIC   conftest.cpp  >&5
configure:2205: $? = 0
configure:2227: result: 
configure:2249: checking whether we are cross compiling
configure:2257: g++ -o conftest -fPIC   conftest.cpp  >&5
configure:2261: $? = 0
configure:2268: ./conftest
configure:2272: $? = 0
configure:2287: result: no
configure:2292: checking for suffix of object files
configure:2314: g++ -c -fPIC  conftest.cpp >&5
configure:2318: $? = 0
configure:2339: result: o
configure:2343: checking whether we are using the GNU C++ compiler
configure:2362: g++ -c -fPIC  conftest.cpp >&5
configure:2362: $? = 0
configure:2371: result: yes
configure:2380: checking whether g++ accepts -g
configure:2400: g++ -c -g  conftest.cpp >&5
configure:2400: $? = 0
configure:2441: result: yes
configure:2507: checking for a BSD-compatible install
configure:2575: result: /usr/bin/install -c
configure:2635: checking for gcc
configure:2651: found /usr/bin/gcc
configure:2662: result: gcc
configure:2891: checking for C compiler version
configure:2900: gcc --version >&5
gcc (Ubuntu 4.8.4-2ubuntu1~14.04.3) 4.8.4
Copyright (C) 2013 Free Software Foundation, Inc.
This is free software; see the source for copying conditions.  There is NO
warranty; not even for MERCHANTABILITY or FITNESS FOR A PARTICULAR PURPOSE.

configure:2911: $? = 0
configure:2900: gcc -v >&5
Using built-in specs.
COLLECT_GCC=gcc
COLLECT_LTO_WRAPPER=/usr/lib/gcc/x86_64-linux-gnu/4.8/lto-wrapper
Target: x86_64-linux-gnu
Configured with: ../src/configure -v --with-pkgversion='Ubuntu 4.8.4-2ubuntu1~14.04.3' --with-bugurl=file:///usr/share/doc/gcc-4.8/README.Bugs --enable-languages=c,c++,java,go,d,fortran,objc,obj-c++ --prefix=/usr --program-suffix=-4.8 --enable-shared --enable-linker-build-id --libexecdir=/usr/lib --without-included-gettext --enable-threads=posix --with-gxx-include-dir=/usr/include/c++/4.8 --libdir=/usr/lib --enable-nls --with-sysroot=/ --enable-clocale=gnu --enable-libstdcxx-debug --enable-libstdcxx-time=yes --enable-gnu-unique-object --disable-libmudflap --enable-plugin --with-system-zlib --disable-browser-plugin --enable-java-awt=gtk --enable-gtk-cairo --with-java-home=/usr/lib/jvm/java-1.5.0-gcj-4.8-amd64/jre --enable-java-home --with-jvm-root-dir=/usr/lib/jvm/java-1.5.0-gcj-4.8-amd64 --with-jvm-jar-dir=/usr/lib/jvm-exports/java-1.5.0-gcj-4.8-amd64 --with-arch-directory=amd64 --with-ecj-jar=/usr/share/java/eclipse-ecj.jar --enable-objc-gc --enable-multiarch --disable-werror --with-arch-32=i686 --with-abi=m64 --with-multilib-list=m32,m64,mx32 --with-tune=generic --enable-checking=release --build=x86_64-linux-gnu --host=x86_64-linux-gnu --target=x86_64-linux-gnu
Thread model: posix
gcc version 4.8.4 (Ubuntu 4.8.4-2ubuntu1~14.04.3) 
configure:2911: $? = 0
configure:2900: gcc -V >&5
gcc: error: unrecognized command line option '-V'
gcc: fatal error: no input files
compilation terminated.
configure:2911: $? = 4
configure:2900: gcc -qversion >&5
gcc: error: unrecognized command line option '-qversion'
gcc: fatal error: no input files
compilation terminated.
configure:2911: $? = 4
configure:2915: checking whether we are using the GNU C compiler
configure:2934: gcc -c   conftest.c >&5
configure:2934: $? = 0
configure:2943: result: yes
configure:2952: checking whether gcc accepts -g
configure:2972: gcc -c -g  conftest.c >&5
configure:2972: $? = 0
configure:3013: result: yes
configure:3030: checking for gcc option to accept ISO C89
configure:3093: gcc  -c -g -O2  conftest.c >&5
configure:3093: $? = 0
configure:3106: result: none needed
configure:3135: checking for gcc option to support OpenMP
configure:3150: gcc -o conftest -g -O2   conftest.c  >&5
conftest.c:11:2: error: unknown type name 'choke'
  choke me
  ^
In file included from conftest.c:13:0:
/usr/lib/gcc/x86_64-linux-gnu/4.8/include/omp.h:34:1: error: expected '=', ',', ';', 'asm' or '__attribute__' before 'typedef'
 typedef struct
 ^
configure:3150: $? = 1
configure: failed program was:
| /* confdefs.h */
| #define PACKAGE_NAME "Somoclu"
| #define PACKAGE_TARNAME "somoclu"
| #define PACKAGE_VERSION "1.6.1"
| #define PACKAGE_STRING "Somoclu 1.6.1"
| #define PACKAGE_BUGREPORT ""
| #define PACKAGE_URL ""
| /* end confdefs.h.  */
| 
| #ifndef _OPENMP
|  choke me
| #endif
| #include <omp.h>
| int main () { return omp_get_num_threads (); }
| 
configure:3168: gcc -o conftest -g -O2 -fopenmp   conftest.c  >&5
configure:3168: $? = 0
configure:3182: result: -fopenmp
configure:3246: checking for nvcc
configure:3262: found /usr/local/cuda/bin/nvcc
configure:3274: result: yes
configure:3433: checking for mpic++
configure:3463: result: no
configure:3433: checking for mpicxx
configure:3463: result: no
configure:3433: checking for mpiCC
configure:3463: result: no
configure:3433: checking for mpiicpc
configure:3463: result: no
configure:3499: checking for MPI directory
configure:3549: result: 
configure:4017: creating ./config.status

## ---------------------- ##
## Running config.status. ##
## ---------------------- ##

This file was extended by Somoclu config.status 1.6.1, which was
generated by GNU Autoconf 2.69.  Invocation command line was

  CONFIG_FILES    = 
  CONFIG_HEADERS  = 
  CONFIG_LINKS    = 
  CONFIG_COMMANDS = 
  $ ./config.status 

on 1457c2a91ec4

config.status:808: creating Makefile
config.status:808: creating src/Makefile
config.status:808: creating config.h

## ---------------- ##
## Cache variables. ##
## ---------------- ##

ac_cv_c_compiler_gnu=yes
ac_cv_cxx_compiler_gnu=yes
ac_cv_env_CCC_set=
ac_cv_env_CCC_value=
ac_cv_env_CC_set=
ac_cv_env_CC_value=
ac_cv_env_CFLAGS_set=
ac_cv_env_CFLAGS_value=
ac_cv_env_CPPFLAGS_set=
ac_cv_env_CPPFLAGS_value=
ac_cv_env_CXXCPP_set=
ac_cv_env_CXXCPP_value=
ac_cv_env_CXXFLAGS_set=
ac_cv_env_CXXFLAGS_value=
ac_cv_env_CXX_set=
ac_cv_env_CXX_value=
ac_cv_env_LDFLAGS_set=
ac_cv_env_LDFLAGS_value=
ac_cv_env_LIBS_set=
ac_cv_env_LIBS_value=
ac_cv_env_build_alias_set=
ac_cv_env_build_alias_value=
ac_cv_env_host_alias_set=
ac_cv_env_host_alias_value=
ac_cv_env_target_alias_set=
ac_cv_env_target_alias_value=
ac_cv_objext=o
ac_cv_path_install='/usr/bin/install -c'
ac_cv_prog_NVCC_CHECK=yes
ac_cv_prog_ac_ct_CC=gcc
ac_cv_prog_ac_ct_CXX=g++
ac_cv_prog_c_openmp=-fopenmp
ac_cv_prog_cc_c89=
ac_cv_prog_cc_g=yes
ac_cv_prog_cxx_g=yes

## ----------------- ##
## Output variables. ##
## ----------------- ##

CC='gcc'
CFLAGS='-g -O2'
CPPFLAGS=''
CUDA_CFLAGS='-I/usr/local/cuda/include -use_fast_math -Xcompiler "-fPIC -fopenmp -O3 -ffast-math -march=native"'
CUDA_LDFLAGS='-L/usr/local/cuda/lib64'
CUDA_LIBS='-lcudart -lcublas'
CXX='g++'
CXXCPP=''
CXXFLAGS='-fPIC -fopenmp -O3 -ffast-math -march=native'
DEFS='-DHAVE_CONFIG_H'
ECHO_C=''
ECHO_N='-n'
ECHO_T=''
EXEEXT=''
HAVE_CUDA_FALSE='#'
HAVE_CUDA_TRUE=''
INSTALL_DATA='${INSTALL} -m 644'
INSTALL_PROGRAM='${INSTALL}'
INSTALL_SCRIPT='${INSTALL}'
LDFLAGS=''
LIBOBJS=''
LIBS=''
LTLIBOBJS=''
MATLAB_ROOT='/usr/local/MATLAB/R2013a'
MEX_BIN='/usr/local/MATLAB/R2013a/bin/mex'
MPI_INC='-I/include'
MPI_LIBDIR=''
MPI_LIBS=''
MY_CXX='none'
NVCC='/usr/local/cuda/bin/nvcc'
NVCC_CHECK='yes'
OBJEXT='o'
OPENMP_CFLAGS='-fopenmp'
PACKAGE_BUGREPORT=''
PACKAGE_NAME='Somoclu'
PACKAGE_STRING='Somoclu 1.6.1'
PACKAGE_TARNAME='somoclu'
PACKAGE_URL=''
PACKAGE_VERSION='1.6.1'
PATH_SEPARATOR=':'
SHELL='/bin/bash'
ac_ct_CC='gcc'
ac_ct_CXX='g++'
bindir='${exec_prefix}/bin'
build_alias=''
datadir='${datarootdir}'
datarootdir='${prefix}/share'
docdir='${datarootdir}/doc/${PACKAGE_TARNAME}'
dvidir='${docdir}'
exec_prefix='${prefix}'
host_alias=''
htmldir='${docdir}'
includedir='${prefix}/include'
infodir='${datarootdir}/info'
libdir='${exec_prefix}/lib'
libexecdir='${exec_prefix}/libexec'
localedir='${datarootdir}/locale'
localstatedir='${prefix}/var'
mandir='${datarootdir}/man'
oldincludedir='/usr/include'
pdfdir='${docdir}'
prefix='/usr/local'
program_transform_name='s,x,x,'
psdir='${docdir}'
sbindir='${exec_prefix}/sbin'
sharedstatedir='${prefix}/com'
sysconfdir='${prefix}/etc'
target_alias=''

## ----------- ##
## confdefs.h. ##
## ----------- ##

/* confdefs.h */
#define PACKAGE_NAME "Somoclu"
#define PACKAGE_TARNAME "somoclu"
#define PACKAGE_VERSION "1.6.1"
#define PACKAGE_STRING "Somoclu 1.6.1"
#define PACKAGE_BUGREPORT ""
#define PACKAGE_URL ""
#define CUDA 1

configure: exit 0
